<?xml version="1.0" encoding="UTF-8"?>
<!-- Generated by org.testng.reporters.JUnitXMLReporter -->
<testsuite ignored="0" hostname="DESKTOP-AGOQQT3" failures="0" tests="2" name="Default test" time="63.45" errors="0" timestamp="2024-06-05T14:55:15 IST">
  <testcase classname="Origin.SDKLicence.LicenceManagement" name="executePopUpOrLicence" time="50.209"/>
  <testcase classname="Origin.SDKLicence.LicenceManagement" name="checkAndScheduleEmailReminder" time="4.117"/>
</testsuite> <!-- Default test -->
