<?xml version="1.0" encoding="UTF-8"?>
<testng-results ignored="0" total="2" passed="2" failed="0" skipped="0">
  <reporter-output>
  </reporter-output>
  <suite started-at="2024-06-05T14:54:11 IST" name="Default suite" finished-at="2024-06-05T14:55:15 IST" duration-ms="63450">
    <groups>
    </groups>
    <test started-at="2024-06-05T14:54:11 IST" name="Default test" finished-at="2024-06-05T14:55:15 IST" duration-ms="63450">
      <class name="Origin.SDKLicence.LicenceManagement">
        <test-method is-config="true" signature="setUp()[pri:0, instance:Origin.SDKLicence.LicenceManagement@51891008]" started-at="2024-06-05T14:54:11 IST" name="setUp" finished-at="2024-06-05T14:54:20 IST" duration-ms="8802" status="PASS">
          <reporter-output>
          </reporter-output>
        </test-method> <!-- setUp -->
        <test-method signature="executePopUpOrLicence()[pri:0, instance:Origin.SDKLicence.LicenceManagement@51891008]" started-at="2024-06-05T14:54:20 IST" name="executePopUpOrLicence" finished-at="2024-06-05T14:55:10 IST" duration-ms="50209" status="PASS">
          <reporter-output>
          </reporter-output>
        </test-method> <!-- executePopUpOrLicence -->
        <test-method signature="checkAndScheduleEmailReminder()[pri:0, instance:Origin.SDKLicence.LicenceManagement@51891008]" started-at="2024-06-05T14:55:11 IST" name="checkAndScheduleEmailReminder" finished-at="2024-06-05T14:55:15 IST" depends-on-methods="Origin.SDKLicence.LicenceManagement.executePopUpOrLicence" duration-ms="4117" status="PASS">
          <reporter-output>
          </reporter-output>
        </test-method> <!-- checkAndScheduleEmailReminder -->
        <test-method is-config="true" signature="tearDown()[pri:0, instance:Origin.SDKLicence.LicenceManagement@51891008]" started-at="2024-06-05T14:55:15 IST" name="tearDown" finished-at="2024-06-05T14:55:15 IST" duration-ms="193" status="PASS">
          <reporter-output>
          </reporter-output>
        </test-method> <!-- tearDown -->
      </class> <!-- Origin.SDKLicence.LicenceManagement -->
    </test> <!-- Default test -->
  </suite> <!-- Default suite -->
</testng-results>
