<?xml version="1.0" encoding="UTF-8"?>
<testng-results ignored="0" total="2" passed="2" failed="0" skipped="0">
  <reporter-output>
  </reporter-output>
  <suite started-at="2024-06-06T14:16:29 IST" name="Default suite" finished-at="2024-06-06T14:17:02 IST" duration-ms="32859">
    <groups>
    </groups>
    <test started-at="2024-06-06T14:16:29 IST" name="Default test" finished-at="2024-06-06T14:17:02 IST" duration-ms="32859">
      <class name="Origin.SDKLicence.LicenceManagement">
        <test-method is-config="true" signature="setUp()[pri:0, instance:Origin.SDKLicence.LicenceManagement@2f953efd]" started-at="2024-06-06T14:16:29 IST" name="setUp" finished-at="2024-06-06T14:16:32 IST" duration-ms="2495" status="PASS">
          <reporter-output>
          </reporter-output>
        </test-method> <!-- setUp -->
        <test-method signature="executePopUpOrLicence()[pri:0, instance:Origin.SDKLicence.LicenceManagement@2f953efd]" started-at="2024-06-06T14:16:32 IST" name="executePopUpOrLicence" finished-at="2024-06-06T14:16:32 IST" duration-ms="59" status="PASS">
          <reporter-output>
          </reporter-output>
        </test-method> <!-- executePopUpOrLicence -->
        <test-method signature="licence()[pri:0, instance:Origin.SDKLicence.LicenceManagement@2f953efd]" started-at="2024-06-06T14:16:32 IST" name="licence" finished-at="2024-06-06T14:17:02 IST" duration-ms="30095" status="PASS">
          <reporter-output>
          </reporter-output>
        </test-method> <!-- licence -->
        <test-method is-config="true" signature="tearDown()[pri:0, instance:Origin.SDKLicence.LicenceManagement@2f953efd]" started-at="2024-06-06T14:17:02 IST" name="tearDown" finished-at="2024-06-06T14:17:02 IST" duration-ms="96" status="PASS">
          <reporter-output>
          </reporter-output>
        </test-method> <!-- tearDown -->
      </class> <!-- Origin.SDKLicence.LicenceManagement -->
    </test> <!-- Default test -->
  </suite> <!-- Default suite -->
</testng-results>
